D:\LeadCapture\Properties\launchSettings.json içindeki başlatma ayarları kullanılıyor...
Derleniyor...
D:\LeadCapture\LeadCapture.csproj : warning NU1903: 'SQLitePCLRaw.lib.e_sqlite3' 2.1.11 paketinde önem derecesi yüksek olan bilinen bir https://github.com/advisories/GHSA-2m69-gcr7-jv3q güvenlik açığı var
D:\LeadCapture\LeadCapture.csproj : warning NU1903: 'SQLitePCLRaw.lib.e_sqlite3' 2.1.11 paketinde önem derecesi yüksek olan bilinen bir https://github.com/advisories/GHSA-2m69-gcr7-jv3q güvenlik açığı var
info: Microsoft.EntityFrameworkCore.Database.Command[20101]
      Executed DbCommand (15ms) [Parameters=[], CommandType='Text', CommandTimeout='30']
      SELECT COUNT(*) FROM "sqlite_master" WHERE "type" = 'table' AND "rootpage" IS NOT NULL;
info: Microsoft.Hosting.Lifetime[14]
      Now listening on: http://localhost:5200
info: Microsoft.Hosting.Lifetime[0]
      Application started. Press Ctrl+C to shut down.
info: Microsoft.Hosting.Lifetime[0]
      Hosting environment: Development
info: Microsoft.Hosting.Lifetime[0]
      Content root path: D:\LeadCapture
info: Microsoft.EntityFrameworkCore.Database.Command[20101]
      Executed DbCommand (3ms) [Parameters=[], CommandType='Text', CommandTimeout='30']
      SELECT "l"."Id", "l"."CreatedAt", "l"."Email", "l"."FullName", "l"."IpAddress", "l"."KvkkConsent", "l"."MarketingConsent", "l"."Phone", "l"."Source", "l"."UserAgent"
      FROM "Leads" AS "l"
      ORDER BY "l"."CreatedAt" DESC
info: Microsoft.EntityFrameworkCore.Database.Command[20101]
      Executed DbCommand (0ms) [Parameters=[], CommandType='Text', CommandTimeout='30']
      SELECT "l"."Id", "l"."CreatedAt", "l"."Email", "l"."FullName", "l"."IpAddress", "l"."KvkkConsent", "l"."MarketingConsent", "l"."Phone", "l"."Source", "l"."UserAgent"
      FROM "Leads" AS "l"
      ORDER BY "l"."CreatedAt" DESC
info: Microsoft.EntityFrameworkCore.Database.Command[20101]
      Executed DbCommand (0ms) [Parameters=[], CommandType='Text', CommandTimeout='30']
      SELECT "l"."Id", "l"."CreatedAt", "l"."Email", "l"."FullName", "l"."IpAddress", "l"."KvkkConsent", "l"."MarketingConsent", "l"."Phone", "l"."Source", "l"."UserAgent"
      FROM "Leads" AS "l"
      ORDER BY "l"."CreatedAt" DESC
info: Microsoft.EntityFrameworkCore.Database.Command[20101]
      Executed DbCommand (0ms) [Parameters=[], CommandType='Text', CommandTimeout='30']
      SELECT "l"."Id", "l"."CreatedAt", "l"."Email", "l"."FullName", "l"."IpAddress", "l"."KvkkConsent", "l"."MarketingConsent", "l"."Phone", "l"."Source", "l"."UserAgent"
      FROM "Leads" AS "l"
      ORDER BY "l"."CreatedAt" DESC
info: Microsoft.EntityFrameworkCore.Database.Command[20101]
      Executed DbCommand (5ms) [Parameters=[@p0='?' (DbType = DateTime), @p1='?' (Size = 13), @p2='?' (Size = 9), @p3='?' (Size = 9), @p4='?' (DbType = Boolean), @p5='?' (DbType = Boolean), @p6='?' (Size = 11), @p7='?' (Size = 6), @p8='?' (Size = 80)], CommandType='Text', CommandTimeout='30']
      INSERT INTO "Leads" ("CreatedAt", "Email", "FullName", "IpAddress", "KvkkConsent", "MarketingConsent", "Phone", "Source", "UserAgent")
      VALUES (@p0, @p1, @p2, @p3, @p4, @p5, @p6, @p7, @p8)
      RETURNING "Id";
info: Microsoft.EntityFrameworkCore.Database.Command[20101]
      Executed DbCommand (0ms) [Parameters=[], CommandType='Text', CommandTimeout='30']
      SELECT "l"."Id", "l"."CreatedAt", "l"."Email", "l"."FullName", "l"."IpAddress", "l"."KvkkConsent", "l"."MarketingConsent", "l"."Phone", "l"."Source", "l"."UserAgent"
      FROM "Leads" AS "l"
      ORDER BY "l"."CreatedAt" DESC
info: Microsoft.EntityFrameworkCore.Database.Command[20101]
      Executed DbCommand (0ms) [Parameters=[], CommandType='Text', CommandTimeout='30']
      SELECT "l"."Id", "l"."CreatedAt", "l"."Email", "l"."FullName", "l"."IpAddress", "l"."KvkkConsent", "l"."MarketingConsent", "l"."Phone", "l"."Source", "l"."UserAgent"
      FROM "Leads" AS "l"
      ORDER BY "l"."CreatedAt" DESC
info: Microsoft.EntityFrameworkCore.Database.Command[20101]
      Executed DbCommand (0ms) [Parameters=[], CommandType='Text', CommandTimeout='30']
      SELECT "l"."Id", "l"."CreatedAt", "l"."Email", "l"."FullName", "l"."IpAddress", "l"."KvkkConsent", "l"."MarketingConsent", "l"."Phone", "l"."Source", "l"."UserAgent"
      FROM "Leads" AS "l"
      ORDER BY "l"."CreatedAt" DESC
info: Microsoft.EntityFrameworkCore.Database.Command[20101]
      Executed DbCommand (0ms) [Parameters=[], CommandType='Text', CommandTimeout='30']
      SELECT "l"."Id", "l"."CreatedAt", "l"."Email", "l"."FullName", "l"."IpAddress", "l"."KvkkConsent", "l"."MarketingConsent", "l"."Phone", "l"."Source", "l"."UserAgent"
      FROM "Leads" AS "l"
      ORDER BY "l"."CreatedAt" DESC
info: Microsoft.EntityFrameworkCore.Database.Command[20101]
      Executed DbCommand (0ms) [Parameters=[], CommandType='Text', CommandTimeout='30']
      SELECT "l"."Id", "l"."CreatedAt", "l"."Email", "l"."FullName", "l"."IpAddress", "l"."KvkkConsent", "l"."MarketingConsent", "l"."Phone", "l"."Source", "l"."UserAgent"
      FROM "Leads" AS "l"
      ORDER BY "l"."CreatedAt" DESC
